{
  "stats": {
    "suites": 1,
    "tests": 1,
    "passes": 1,
    "pending": 0,
    "failures": 0,
    "start": "2022-05-30T23:02:15.466Z",
    "end": "2022-05-30T23:03:23.915Z",
    "duration": 68449,
    "testsRegistered": 1,
    "passPercent": 100,
    "pendingPercent": 0,
    "other": 0,
    "hasOther": false,
    "skipped": 0,
    "hasSkipped": false
  },
  "results": [
    {
      "uuid": "29fcdb47-6065-4803-98d7-2003093b239d",
      "title": "",
      "fullFile": "cypress/integration/assets.spec.js",
      "file": "cypress/integration/assets.spec.js",
      "beforeHooks": [],
      "afterHooks": [],
      "tests": [],
      "suites": [
        {
          "uuid": "984d5cc1-6e48-414e-9ca4-a59178325ab1",
          "title": "Test Cases - Assets",
          "fullFile": "",
          "file": "",
          "beforeHooks": [],
          "afterHooks": [],
          "tests": [
            {
              "title": "Create private asset",
              "fullTitle": "Test Cases - Assets Create private asset",
              "timedOut": null,
              "duration": 68396,
              "state": "passed",
              "speed": "slow",
              "pass": true,
              "fail": false,
              "pending": false,
              "context": null,
              "code": "cy.get('[href=\"#!/me/spaces/159770/dashboard\"]').click();\ncy.get('[href=\"#!/me/spaces/159770/assets\"]').click();\ncy.get('input[class=\"upload-select\"]').attachFile('priv.jpg');\ncy.get('.modal__body > .link').click();\ncy.get('.modal__body > :nth-child(4) > :nth-child(1) > .uk-width-1-1').type('Private File');\ncy.get(':nth-child(5) > :nth-child(3) > input').click();\ncy.intercept('POST', '**/assets/').as(\"addFile\");\ncy.intercept('GET', '**/finish_upload').as(\"finishUpload\");\ncy.get('.modal__footer > .uk-button-primary').click();\ncy.wait('@addFile').then(interception => {\n  cy.wrap(interception.response.statusCode).should('eq', 200);\n});\ncy.wait('@finishUpload').then(interception => {\n  cy.wrap(interception.response.statusCode).should('eq', 200);\n});\ncy.get('input[class=\"uk-margin-small-right\"]').click();\ncy.wait(1000);\ncy.screenshot('private-file');",
              "err": {},
              "uuid": "a74d59a4-622d-4671-a29a-364051432187",
              "parentUUID": "984d5cc1-6e48-414e-9ca4-a59178325ab1",
              "isHook": false,
              "skipped": false
            }
          ],
          "suites": [],
          "passes": [
            "a74d59a4-622d-4671-a29a-364051432187"
          ],
          "failures": [],
          "pending": [],
          "skipped": [],
          "duration": 68396,
          "root": false,
          "rootEmpty": false,
          "_timeout": 2000
        }
      ],
      "passes": [],
      "failures": [],
      "pending": [],
      "skipped": [],
      "duration": 0,
      "root": true,
      "rootEmpty": true,
      "_timeout": 2000
    }
  ],
  "meta": {
    "mocha": {
      "version": "7.0.1"
    },
    "mochawesome": {
      "options": {
        "quiet": false,
        "reportFilename": "mochawesome",
        "saveHtml": true,
        "saveJson": true,
        "consoleReporter": "spec",
        "useInlineDiffs": false,
        "code": true
      },
      "version": "7.1.3"
    },
    "marge": {
      "options": {
        "id": "default"
      },
      "version": "6.2.0"
    }
  }
}